Pig Stack Trace
---------------
ERROR 1037: 
<file assignment4_60202464_pig, line 11, column 67> Operands of Regex can be CharArray only :(Name: Regex Type: null Uid: null)

org.apache.pig.impl.logicalLayer.FrontendException: ERROR 1066: Unable to open iterator for alias filtered_sample
	at org.apache.pig.PigServer.openIterator(PigServer.java:1019)
	at org.apache.pig.tools.grunt.GruntParser.processDump(GruntParser.java:747)
	at org.apache.pig.tools.pigscript.parser.PigScriptParser.parse(PigScriptParser.java:376)
	at org.apache.pig.tools.grunt.GruntParser.parseStopOnError(GruntParser.java:231)
	at org.apache.pig.tools.grunt.GruntParser.parseStopOnError(GruntParser.java:206)
	at org.apache.pig.tools.grunt.Grunt.exec(Grunt.java:81)
	at org.apache.pig.Main.run(Main.java:503)
	at org.apache.pig.Main.main(Main.java:178)
	at sun.reflect.NativeMethodAccessorImpl.invoke0(Native Method)
	at sun.reflect.NativeMethodAccessorImpl.invoke(NativeMethodAccessorImpl.java:62)
	at sun.reflect.DelegatingMethodAccessorImpl.invoke(DelegatingMethodAccessorImpl.java:43)
	at java.lang.reflect.Method.invoke(Method.java:498)
	at org.apache.hadoop.util.RunJar.run(RunJar.java:318)
	at org.apache.hadoop.util.RunJar.main(RunJar.java:232)
Caused by: org.apache.pig.PigException: ERROR 1002: Unable to store alias filtered_sample
	at org.apache.pig.PigServer.storeEx(PigServer.java:1122)
	at org.apache.pig.PigServer.store(PigServer.java:1081)
	at org.apache.pig.PigServer.openIterator(PigServer.java:994)
	... 13 more
Caused by: org.apache.pig.impl.logicalLayer.validators.TypeCheckerException: ERROR 1037: 
<file assignment4_60202464_pig, line 11, column 67> Operands of Regex can be CharArray only :(Name: Regex Type: null Uid: null)
	at org.apache.pig.newplan.logical.visitor.TypeCheckingExpVisitor.visit(TypeCheckingExpVisitor.java:547)
	at org.apache.pig.newplan.logical.expression.RegexExpression.accept(RegexExpression.java:55)
	at org.apache.pig.newplan.ReverseDependencyOrderWalker.walk(ReverseDependencyOrderWalker.java:70)
	at org.apache.pig.newplan.PlanVisitor.visit(PlanVisitor.java:52)
	at org.apache.pig.newplan.logical.visitor.TypeCheckingRelVisitor.visitExpressionPlan(TypeCheckingRelVisitor.java:191)
	at org.apache.pig.newplan.logical.visitor.TypeCheckingRelVisitor.visit(TypeCheckingRelVisitor.java:111)
	at org.apache.pig.newplan.logical.relational.LOFilter.accept(LOFilter.java:79)
	at org.apache.pig.newplan.DependencyOrderWalker.walk(DependencyOrderWalker.java:75)
	at org.apache.pig.newplan.PlanVisitor.visit(PlanVisitor.java:52)
	at org.apache.pig.newplan.logical.relational.LogicalPlan.validate(LogicalPlan.java:190)
	at org.apache.pig.PigServer$Graph.compile(PigServer.java:1851)
	at org.apache.pig.PigServer$Graph.access$300(PigServer.java:1527)
	at org.apache.pig.PigServer.storeEx(PigServer.java:1117)
	... 15 more
================================================================================
